{"/Users/you54f/dev/saftest/githubrepos/source_repos/jestpact/lib/index.ts": {"path":"/Users/you54f/dev/saftest/githubrepos/source_repos/jestpact/lib/index.ts","statementMap":{"0":{"start":{"line":1,"column":0},"end":{"line":1,"column":46}},"1":{"start":{"line":2,"column":0},"end":{"line":2,"column":29}},"2":{"start":{"line":3,"column":0},"end":{"line":3,"column":39}},"3":{"start":{"line":13,"column":13},"end":{"line":30,"column":5}},"4":{"start":{"line":14,"column":2},"end":{"line":30,"column":5}},"5":{"start":{"line":15,"column":32},"end":{"line":22,"column":null}},"6":{"start":{"line":25,"column":4},"end":{"line":25,"column":38}},"7":{"start":{"line":25,"column":20},"end":{"line":25,"column":37}},"8":{"start":{"line":26,"column":4},"end":{"line":26,"column":40}},"9":{"start":{"line":26,"column":19},"end":{"line":26,"column":39}},"10":{"start":{"line":27,"column":4},"end":{"line":27,"column":39}},"11":{"start":{"line":27,"column":20},"end":{"line":27,"column":38}},"12":{"start":{"line":29,"column":4},"end":{"line":29,"column":20}},"13":{"start":{"line":33,"column":13},"end":{"line":52,"column":5}},"14":{"start":{"line":34,"column":2},"end":{"line":52,"column":5}},"15":{"start":{"line":35,"column":32},"end":{"line":42,"column":null}},"16":{"start":{"line":45,"column":4},"end":{"line":45,"column":38}},"17":{"start":{"line":45,"column":20},"end":{"line":45,"column":37}},"18":{"start":{"line":46,"column":4},"end":{"line":46,"column":40}},"19":{"start":{"line":46,"column":19},"end":{"line":46,"column":39}},"20":{"start":{"line":47,"column":4},"end":{"line":47,"column":39}},"21":{"start":{"line":47,"column":20},"end":{"line":47,"column":38}},"22":{"start":{"line":49,"column":56},"end":{"line":49,"column":71}},"23":{"start":{"line":51,"column":4},"end":{"line":51,"column":28}},"24":{"start":{"line":54,"column":20},"end":{"line":57,"column":3}},"25":{"start":{"line":55,"column":16},"end":{"line":55,"column":42}},"26":{"start":{"line":56,"column":4},"end":{"line":56,"column":26}}},"fnMap":{"0":{"name":"(anonymous_2)","decl":{"start":{"line":13,"column":24},"end":{"line":13,"column":25}},"loc":{"start":{"line":13,"column":57},"end":{"line":14,"column":10}}},"1":{"name":"(anonymous_3)","decl":{"start":{"line":14,"column":71},"end":{"line":14,"column":null}},"loc":{"start":{"line":14,"column":71},"end":{"line":30,"column":3}}},"2":{"name":"(anonymous_4)","decl":{"start":{"line":25,"column":14},"end":{"line":25,"column":20}},"loc":{"start":{"line":25,"column":14},"end":{"line":25,"column":28}}},"3":{"name":"(anonymous_5)","decl":{"start":{"line":26,"column":13},"end":{"line":26,"column":19}},"loc":{"start":{"line":26,"column":13},"end":{"line":26,"column":27}}},"4":{"name":"(anonymous_6)","decl":{"start":{"line":27,"column":14},"end":{"line":27,"column":20}},"loc":{"start":{"line":27,"column":14},"end":{"line":27,"column":28}}},"5":{"name":"(anonymous_7)","decl":{"start":{"line":33,"column":33},"end":{"line":33,"column":34}},"loc":{"start":{"line":33,"column":66},"end":{"line":34,"column":10}}},"6":{"name":"(anonymous_8)","decl":{"start":{"line":34,"column":71},"end":{"line":34,"column":null}},"loc":{"start":{"line":34,"column":71},"end":{"line":52,"column":3}}},"7":{"name":"(anonymous_9)","decl":{"start":{"line":45,"column":14},"end":{"line":45,"column":20}},"loc":{"start":{"line":45,"column":14},"end":{"line":45,"column":28}}},"8":{"name":"(anonymous_10)","decl":{"start":{"line":46,"column":13},"end":{"line":46,"column":19}},"loc":{"start":{"line":46,"column":13},"end":{"line":46,"column":27}}},"9":{"name":"(anonymous_11)","decl":{"start":{"line":47,"column":14},"end":{"line":47,"column":20}},"loc":{"start":{"line":47,"column":14},"end":{"line":47,"column":28}}},"10":{"name":"(anonymous_12)","decl":{"start":{"line":54,"column":20},"end":{"line":54,"column":21}},"loc":{"start":{"line":54,"column":33},"end":{"line":57,"column":3}}}},"branchMap":{"0":{"loc":{"start":{"line":16,"column":12},"end":{"line":16,"column":24}},"type":"binary-expr","locations":[{"start":{"line":16,"column":12},"end":{"line":16,"column":24}},{"start":{"line":16,"column":28},"end":{"line":16,"column":32}}]},"1":{"loc":{"start":{"line":20,"column":16},"end":{"line":20,"column":32}},"type":"binary-expr","locations":[{"start":{"line":20,"column":16},"end":{"line":20,"column":32}},{"start":{"line":20,"column":36},"end":{"line":20,"column":43}}]},"2":{"loc":{"start":{"line":36,"column":12},"end":{"line":36,"column":24}},"type":"binary-expr","locations":[{"start":{"line":36,"column":12},"end":{"line":36,"column":24}},{"start":{"line":36,"column":28},"end":{"line":36,"column":32}}]},"3":{"loc":{"start":{"line":40,"column":16},"end":{"line":40,"column":32}},"type":"binary-expr","locations":[{"start":{"line":40,"column":16},"end":{"line":40,"column":32}},{"start":{"line":40,"column":36},"end":{"line":40,"column":43}}]}},"s":{"0":2,"1":2,"2":2,"3":2,"4":2,"5":2,"6":2,"7":2,"8":2,"9":2,"10":2,"11":2,"12":2,"13":2,"14":1,"15":1,"16":1,"17":1,"18":1,"19":1,"20":1,"21":1,"22":1,"23":1,"24":2,"25":1,"26":1},"f":{"0":2,"1":2,"2":2,"3":2,"4":2,"5":1,"6":1,"7":1,"8":1,"9":1,"10":1},"b":{"0":[2,1],"1":[2,2],"2":[1,1],"3":[1,1]}}
}
