TN:
SF:/Users/you54f/dev/saftest/githubrepos/source_repos/jestpact/lib/index.ts
FN:13,(anonymous_2)
FN:14,(anonymous_3)
FN:25,(anonymous_4)
FN:26,(anonymous_5)
FN:27,(anonymous_6)
FN:33,(anonymous_7)
FN:34,(anonymous_8)
FN:45,(anonymous_9)
FN:46,(anonymous_10)
FN:47,(anonymous_11)
FN:54,(anonymous_12)
FNF:11
FNH:11
FNDA:2,(anonymous_2)
FNDA:2,(anonymous_3)
FNDA:2,(anonymous_4)
FNDA:2,(anonymous_5)
FNDA:2,(anonymous_6)
FNDA:1,(anonymous_7)
FNDA:1,(anonymous_8)
FNDA:1,(anonymous_9)
FNDA:1,(anonymous_10)
FNDA:1,(anonymous_11)
FNDA:1,(anonymous_12)
DA:1,2
DA:2,2
DA:3,2
DA:13,2
DA:14,2
DA:15,2
DA:25,2
DA:26,2
DA:27,2
DA:29,2
DA:33,2
DA:34,1
DA:35,1
DA:45,1
DA:46,1
DA:47,1
DA:49,1
DA:51,1
DA:54,2
DA:55,1
DA:56,1
LF:21
LH:21
BRDA:16,0,0,2
BRDA:16,0,1,1
BRDA:20,1,0,2
BRDA:20,1,1,2
BRDA:36,2,0,1
BRDA:36,2,1,1
BRDA:40,3,0,1
BRDA:40,3,1,1
BRF:8
BRH:8
end_of_record
